<?xml version="1.0" encoding="UTF-8"?>
<!-- Generated by org.testng.reporters.JUnitXMLReporter -->
<testsuite ignored="0" hostname="DESKTOP-QE010PN" failures="0" tests="3" name="Default test" time="0.092" errors="0" timestamp="2022-01-08T14:19:58 IST">
  <testcase classname="CheckTestNPack01.CheckTestNG" name="pro01" time="0.014"/>
  <testcase classname="CheckTestNPack01.CheckTestNG" name="pro02" time="0.002"/>
  <testcase classname="CheckTestNPack01.CheckTestNG" name="pro03" time="0.003"/>
</testsuite> <!-- Default test -->
