<?xml version="1.0" encoding="UTF-8"?>
<!-- Generated by org.testng.reporters.JUnitXMLReporter -->
<testsuite ignored="0" hostname="DESKTOP-QE010PN" failures="0" tests="4" name="Test" time="0.092" errors="0" timestamp="2022-01-09T00:03:39 IST">
  <testcase classname="CheckTestNPack01.CheckTestNG" name="met04" time="0.012"/>
  <testcase classname="CheckTestNPack01.CheckTestNG" name="pro01" time="0.003"/>
  <testcase classname="CheckTestNPack01.CheckTestNG" name="pro02" time="0.002"/>
  <testcase classname="CheckTestNPack01.CheckTestNG" name="pro03" time="0.002"/>
</testsuite> <!-- Test -->
