<?xml version="1.0" encoding="UTF-8"?>
<testng-results ignored="0" total="4" passed="4" failed="0" skipped="0">
  <reporter-output>
  </reporter-output>
  <suite started-at="2022-01-09T00:03:39 IST" name="Suite" finished-at="2022-01-09T00:03:39 IST" duration-ms="92">
    <groups>
    </groups>
    <test started-at="2022-01-09T00:03:39 IST" name="Test" finished-at="2022-01-09T00:03:39 IST" duration-ms="92">
      <class name="CheckTestNPack01.CheckTestNG">
        <test-method signature="met04()[pri:0, instance:CheckTestNPack01.CheckTestNG@5136d012]" started-at="2022-01-09T00:03:39 IST" name="met04" finished-at="2022-01-09T00:03:39 IST" duration-ms="12" status="PASS">
          <reporter-output>
          </reporter-output>
        </test-method> <!-- met04 -->
        <test-method signature="pro01()[pri:0, instance:CheckTestNPack01.CheckTestNG@5136d012]" started-at="2022-01-09T00:03:39 IST" name="pro01" finished-at="2022-01-09T00:03:39 IST" duration-ms="3" status="PASS">
          <reporter-output>
          </reporter-output>
        </test-method> <!-- pro01 -->
        <test-method signature="pro02()[pri:0, instance:CheckTestNPack01.CheckTestNG@5136d012]" started-at="2022-01-09T00:03:39 IST" name="pro02" finished-at="2022-01-09T00:03:39 IST" duration-ms="2" status="PASS">
          <reporter-output>
          </reporter-output>
        </test-method> <!-- pro02 -->
        <test-method signature="pro03()[pri:0, instance:CheckTestNPack01.CheckTestNG@5136d012]" started-at="2022-01-09T00:03:39 IST" name="pro03" finished-at="2022-01-09T00:03:39 IST" duration-ms="2" status="PASS">
          <reporter-output>
          </reporter-output>
        </test-method> <!-- pro03 -->
      </class> <!-- CheckTestNPack01.CheckTestNG -->
    </test> <!-- Test -->
  </suite> <!-- Suite -->
</testng-results>
